<?xml version="1.0" encoding="UTF-8"?>
<testng-results skipped="0" failed="0" total="1" passed="1">
  <reporter-output>
  </reporter-output>
  <suite name="Suite" duration-ms="10846" started-at="2018-09-26T14:37:39Z" finished-at="2018-09-26T14:37:50Z">
    <groups>
    </groups>
    <test name="Test" duration-ms="10846" started-at="2018-09-26T14:37:39Z" finished-at="2018-09-26T14:37:50Z">
      <class name="com.automation.demo.Demo.FirstTest">
        <test-method status="PASS" signature="firstTest()[pri:0, instance:com.automation.demo.Demo.FirstTest@2f7a2457]" name="firstTest" duration-ms="10830" started-at="2018-09-26T20:07:39Z" finished-at="2018-09-26T20:07:50Z">
          <reporter-output>
          </reporter-output>
        </test-method> <!-- firstTest -->
      </class> <!-- com.automation.demo.Demo.FirstTest -->
    </test> <!-- Test -->
  </suite> <!-- Suite -->
</testng-results>
