<?xml version="1.0" encoding="UTF-8"?>
<testng-results skipped="0" failed="0" total="1" passed="1">
  <reporter-output>
  </reporter-output>
  <suite name="Suite" duration-ms="10603" started-at="2018-09-26T14:26:16Z" finished-at="2018-09-26T14:26:27Z">
    <groups>
    </groups>
    <test name="Test" duration-ms="10603" started-at="2018-09-26T14:26:16Z" finished-at="2018-09-26T14:26:27Z">
      <class name="com.automation.demo.Demo.FirstTest">
        <test-method status="PASS" signature="firstTest()[pri:0, instance:com.automation.demo.Demo.FirstTest@1b604f19]" name="firstTest" duration-ms="10583" started-at="2018-09-26T19:56:16Z" finished-at="2018-09-26T19:56:27Z">
          <reporter-output>
          </reporter-output>
        </test-method> <!-- firstTest -->
      </class> <!-- com.automation.demo.Demo.FirstTest -->
    </test> <!-- Test -->
  </suite> <!-- Suite -->
</testng-results>
